OpenROAD v2.0-6895-g5c85b36f8 
This program is licensed under the BSD-3 license. See the LICENSE file for details.
Components of this program may be licensed under more restrictive licenses which must be honored.
[WARNING STA-0164] ./platforms/asap7/lib/asap7sc7p5t_SIMPLE_RVT_FF_nldm_211120.lib.gz line 13178, timing group from output port.
[WARNING STA-0164] ./platforms/asap7/lib/asap7sc7p5t_SIMPLE_RVT_FF_nldm_211120.lib.gz line 13211, timing group from output port.
[WARNING STA-0164] ./platforms/asap7/lib/asap7sc7p5t_SIMPLE_RVT_FF_nldm_211120.lib.gz line 13244, timing group from output port.
[WARNING STA-0164] ./platforms/asap7/lib/asap7sc7p5t_SIMPLE_RVT_FF_nldm_211120.lib.gz line 13277, timing group from output port.
[WARNING STA-0164] ./platforms/asap7/lib/asap7sc7p5t_SIMPLE_RVT_FF_nldm_211120.lib.gz line 13310, timing group from output port.
[WARNING STA-0164] ./platforms/asap7/lib/asap7sc7p5t_SIMPLE_RVT_FF_nldm_211120.lib.gz line 13343, timing group from output port.
[WARNING STA-0164] ./platforms/asap7/lib/asap7sc7p5t_SIMPLE_RVT_FF_nldm_211120.lib.gz line 13376, timing group from output port.
[WARNING STA-0164] ./platforms/asap7/lib/asap7sc7p5t_SIMPLE_RVT_FF_nldm_211120.lib.gz line 14772, timing group from output port.
[WARNING STA-0164] ./platforms/asap7/lib/asap7sc7p5t_SIMPLE_RVT_FF_nldm_211120.lib.gz line 14805, timing group from output port.
[WARNING STA-0164] ./platforms/asap7/lib/asap7sc7p5t_SIMPLE_RVT_FF_nldm_211120.lib.gz line 14838, timing group from output port.
[WARNING PPL-0015] Macro mem/Gen_dccm_enable_dccm/mem_bank_0__dccm_bank/mem is not placed.
[WARNING PPL-0015] Macro mem/Gen_dccm_enable_dccm/mem_bank_1__dccm_bank/mem is not placed.
[WARNING PPL-0015] Macro mem/Gen_dccm_enable_dccm/mem_bank_2__dccm_bank/mem is not placed.
[WARNING PPL-0015] Macro mem/Gen_dccm_enable_dccm/mem_bank_3__dccm_bank/mem is not placed.
[WARNING PPL-0015] Macro mem/Gen_dccm_enable_dccm/mem_bank_4__dccm_bank/mem is not placed.
[WARNING PPL-0015] Macro mem/Gen_dccm_enable_dccm/mem_bank_5__dccm_bank/mem is not placed.
[WARNING PPL-0015] Macro mem/Gen_dccm_enable_dccm/mem_bank_6__dccm_bank/mem is not placed.
[WARNING PPL-0015] Macro mem/Gen_dccm_enable_dccm/mem_bank_7__dccm_bank/mem is not placed.
[WARNING PPL-0015] Macro mem/icm/ic_data_inst/WAYS_0__SUBBANKS_0__ic_bank_sb_way_data/mem is not placed.
[WARNING PPL-0015] Macro mem/icm/ic_data_inst/WAYS_0__SUBBANKS_1__ic_bank_sb_way_data/mem is not placed.
[WARNING PPL-0015] Macro mem/icm/ic_data_inst/WAYS_0__SUBBANKS_2__ic_bank_sb_way_data/mem is not placed.
[WARNING PPL-0015] Macro mem/icm/ic_data_inst/WAYS_0__SUBBANKS_3__ic_bank_sb_way_data/mem is not placed.
[WARNING PPL-0015] Macro mem/icm/ic_data_inst/WAYS_1__SUBBANKS_0__ic_bank_sb_way_data/mem is not placed.
[WARNING PPL-0015] Macro mem/icm/ic_data_inst/WAYS_1__SUBBANKS_1__ic_bank_sb_way_data/mem is not placed.
[WARNING PPL-0015] Macro mem/icm/ic_data_inst/WAYS_1__SUBBANKS_2__ic_bank_sb_way_data/mem is not placed.
[WARNING PPL-0015] Macro mem/icm/ic_data_inst/WAYS_1__SUBBANKS_3__ic_bank_sb_way_data/mem is not placed.
[WARNING PPL-0015] Macro mem/icm/ic_data_inst/WAYS_2__SUBBANKS_0__ic_bank_sb_way_data/mem is not placed.
[WARNING PPL-0015] Macro mem/icm/ic_data_inst/WAYS_2__SUBBANKS_1__ic_bank_sb_way_data/mem is not placed.
[WARNING PPL-0015] Macro mem/icm/ic_data_inst/WAYS_2__SUBBANKS_2__ic_bank_sb_way_data/mem is not placed.
[WARNING PPL-0015] Macro mem/icm/ic_data_inst/WAYS_2__SUBBANKS_3__ic_bank_sb_way_data/mem is not placed.
[WARNING PPL-0015] Macro mem/icm/ic_data_inst/WAYS_3__SUBBANKS_0__ic_bank_sb_way_data/mem is not placed.
[WARNING PPL-0015] Macro mem/icm/ic_data_inst/WAYS_3__SUBBANKS_1__ic_bank_sb_way_data/mem is not placed.
[WARNING PPL-0015] Macro mem/icm/ic_data_inst/WAYS_3__SUBBANKS_2__ic_bank_sb_way_data/mem is not placed.
[WARNING PPL-0015] Macro mem/icm/ic_data_inst/WAYS_3__SUBBANKS_3__ic_bank_sb_way_data/mem is not placed.
[WARNING PPL-0015] Macro mem/icm/ic_tag_inst/WAYS_0__ICACHE_SZ_16_ic_way_tag/mem is not placed.
[WARNING PPL-0015] Macro mem/icm/ic_tag_inst/WAYS_1__ICACHE_SZ_16_ic_way_tag/mem is not placed.
[WARNING PPL-0015] Macro mem/icm/ic_tag_inst/WAYS_2__ICACHE_SZ_16_ic_way_tag/mem is not placed.
[WARNING PPL-0015] Macro mem/icm/ic_tag_inst/WAYS_3__ICACHE_SZ_16_ic_way_tag/mem is not placed.
Found 0 macro blocks.
Using 1u default distance from corners.
Using 2 tracks default min distance between IO pins.
[INFO PPL-0007] Random pin placement.
Elapsed time: 0:02.15[h:]min:sec. CPU time: user 1.98 sys 0.14 (98%). Peak memory: 352952KB.
