OpenROAD v2.0-6895-g5c85b36f8 
This program is licensed under the BSD-3 license. See the LICENSE file for details.
Components of this program may be licensed under more restrictive licenses which must be honored.
[INFO ORD-0030] Using 4 thread(s).
detailed_route arguments:  -bottom_routing_layer metal2 -top_routing_layer metal10 -save_guide_updates -verbose 1
[INFO DRT-0149] Reading tech and libs.

Units:                2000
Number of layers:     21
Number of macros:     135
Number of vias:       27
Number of viarulegen: 19

[INFO DRT-0150] Reading design.

Design:                   gcd
Die area:                 ( 0 0 ) ( 65480 65480 )
Number of track patterns: 20
Number of DEF vias:       3
Number of components:     763
Number of terminals:      54
Number of snets:          2
Number of nets:           483

[INFO DRT-0167] List of default vias:
  Layer via1
    default via: via1_7
  Layer via2
    default via: via2_5
  Layer via3
    default via: via3_2
  Layer via4
    default via: via4_0
  Layer via5
    default via: via5_0
  Layer via6
    default via: via6_0
  Layer via7
    default via: via7_0
  Layer via8
    default via: via8_0
  Layer via9
    default via: via9_0
[INFO DRT-0162] Library cell analysis.
[INFO DRT-0163] Instance analysis.
[INFO DRT-0164] Number of unique instances = 68.
[INFO DRT-0168] Init region query.
[INFO DRT-0024]   Complete active.
[INFO DRT-0024]   Complete Fr_VIA.
[INFO DRT-0024]   Complete metal1.
[INFO DRT-0024]   Complete via1.
[INFO DRT-0024]   Complete metal2.
[INFO DRT-0024]   Complete via2.
[INFO DRT-0024]   Complete metal3.
[INFO DRT-0024]   Complete via3.
[INFO DRT-0024]   Complete metal4.
[INFO DRT-0024]   Complete via4.
[INFO DRT-0024]   Complete metal5.
[INFO DRT-0024]   Complete via5.
[INFO DRT-0024]   Complete metal6.
[INFO DRT-0024]   Complete via6.
[INFO DRT-0024]   Complete metal7.
[INFO DRT-0024]   Complete via7.
[INFO DRT-0024]   Complete metal8.
[INFO DRT-0024]   Complete via8.
[INFO DRT-0024]   Complete metal9.
[INFO DRT-0024]   Complete via9.
[INFO DRT-0024]   Complete metal10.
[INFO DRT-0033] active shape region query size = 0.
[INFO DRT-0033] FR_VIA shape region query size = 0.
[INFO DRT-0033] metal1 shape region query size = 7202.
[INFO DRT-0033] via1 shape region query size = 66.
[INFO DRT-0033] metal2 shape region query size = 44.
[INFO DRT-0033] via2 shape region query size = 66.
[INFO DRT-0033] metal3 shape region query size = 44.
[INFO DRT-0033] via3 shape region query size = 66.
[INFO DRT-0033] metal4 shape region query size = 24.
[INFO DRT-0033] via4 shape region query size = 0.
[INFO DRT-0033] metal5 shape region query size = 26.
[INFO DRT-0033] via5 shape region query size = 0.
[INFO DRT-0033] metal6 shape region query size = 28.
[INFO DRT-0033] via6 shape region query size = 0.
[INFO DRT-0033] metal7 shape region query size = 0.
[INFO DRT-0033] via7 shape region query size = 0.
[INFO DRT-0033] metal8 shape region query size = 0.
[INFO DRT-0033] via8 shape region query size = 0.
[INFO DRT-0033] metal9 shape region query size = 0.
[INFO DRT-0033] via9 shape region query size = 0.
[INFO DRT-0033] metal10 shape region query size = 0.
[INFO DRT-0165] Start pin access.
[INFO DRT-0076]   Complete 100 pins.
[INFO DRT-0078]   Complete 174 pins.
[INFO DRT-0081]   Complete 52 unique inst patterns.
[INFO DRT-0084]   Complete 174 groups.
#scanned instances     = 763
#unique  instances     = 68
#stdCellGenAp          = 1335
#stdCellValidPlanarAp  = 0
#stdCellValidViaAp     = 1004
#stdCellPinNoAp        = 0
#stdCellPinCnt         = 1263
#instTermValidViaApCnt = 0
#macroGenAp            = 0
#macroValidPlanarAp    = 0
#macroValidViaAp       = 0
#macroNoAp             = 0
[INFO DRT-0166] Complete pin access.
[INFO DRT-0267] cpu time = 00:00:06, elapsed time = 00:00:01, memory = 93.84 (MB), peak = 93.84 (MB)

Number of guides:     3130

[INFO DRT-0169] Post process guides.
[INFO DRT-0176] GCELLGRID X 0 DO 15 STEP 4200 ;
[INFO DRT-0177] GCELLGRID Y 0 DO 15 STEP 4200 ;
[INFO DRT-0028]   Complete active.
[INFO DRT-0028]   Complete Fr_VIA.
[INFO DRT-0028]   Complete metal1.
[INFO DRT-0028]   Complete via1.
[INFO DRT-0028]   Complete metal2.
[INFO DRT-0028]   Complete via2.
[INFO DRT-0028]   Complete metal3.
[INFO DRT-0028]   Complete via3.
[INFO DRT-0028]   Complete metal4.
[INFO DRT-0028]   Complete via4.
[INFO DRT-0028]   Complete metal5.
[INFO DRT-0028]   Complete via5.
[INFO DRT-0028]   Complete metal6.
[INFO DRT-0028]   Complete via6.
[INFO DRT-0028]   Complete metal7.
[INFO DRT-0028]   Complete via7.
[INFO DRT-0028]   Complete metal8.
[INFO DRT-0028]   Complete via8.
[INFO DRT-0028]   Complete metal9.
[INFO DRT-0028]   Complete via9.
[INFO DRT-0028]   Complete metal10.
[INFO DRT-0178] Init guide query.
[INFO DRT-0035]   Complete active (guide).
[INFO DRT-0035]   Complete Fr_VIA (guide).
[INFO DRT-0035]   Complete metal1 (guide).
[INFO DRT-0035]   Complete via1 (guide).
[INFO DRT-0035]   Complete metal2 (guide).
[INFO DRT-0035]   Complete via2 (guide).
[INFO DRT-0035]   Complete metal3 (guide).
[INFO DRT-0035]   Complete via3 (guide).
[INFO DRT-0035]   Complete metal4 (guide).
[INFO DRT-0035]   Complete via4 (guide).
[INFO DRT-0035]   Complete metal5 (guide).
[INFO DRT-0035]   Complete via5 (guide).
[INFO DRT-0035]   Complete metal6 (guide).
[INFO DRT-0035]   Complete via6 (guide).
[INFO DRT-0035]   Complete metal7 (guide).
[INFO DRT-0035]   Complete via7 (guide).
[INFO DRT-0035]   Complete metal8 (guide).
[INFO DRT-0035]   Complete via8 (guide).
[INFO DRT-0035]   Complete metal9 (guide).
[INFO DRT-0035]   Complete via9 (guide).
[INFO DRT-0035]   Complete metal10 (guide).
[INFO DRT-0036] active guide region query size = 0.
[INFO DRT-0036] FR_VIA guide region query size = 0.
[INFO DRT-0036] metal1 guide region query size = 1012.
[INFO DRT-0036] via1 guide region query size = 0.
[INFO DRT-0036] metal2 guide region query size = 755.
[INFO DRT-0036] via2 guide region query size = 0.
[INFO DRT-0036] metal3 guide region query size = 422.
[INFO DRT-0036] via3 guide region query size = 0.
[INFO DRT-0036] metal4 guide region query size = 83.
[INFO DRT-0036] via4 guide region query size = 0.
[INFO DRT-0036] metal5 guide region query size = 60.
[INFO DRT-0036] via5 guide region query size = 0.
[INFO DRT-0036] metal6 guide region query size = 28.
[INFO DRT-0036] via6 guide region query size = 0.
[INFO DRT-0036] metal7 guide region query size = 0.
[INFO DRT-0036] via7 guide region query size = 0.
[INFO DRT-0036] metal8 guide region query size = 0.
[INFO DRT-0036] via8 guide region query size = 0.
[INFO DRT-0036] metal9 guide region query size = 0.
[INFO DRT-0036] via9 guide region query size = 0.
[INFO DRT-0036] metal10 guide region query size = 0.
[INFO DRT-0179] Init gr pin query.
[INFO DRT-0185] Post process initialize RPin region query.
[INFO DRT-0181] Start track assignment.
[INFO DRT-0184] Done with 866 vertical wires in 1 frboxes and 1494 horizontal wires in 1 frboxes.
[INFO DRT-0186] Done with 215 vertical wires in 1 frboxes and 361 horizontal wires in 1 frboxes.
[INFO DRT-0182] Complete track assignment.
[INFO DRT-0267] cpu time = 00:00:00, elapsed time = 00:00:00, memory = 103.62 (MB), peak = 103.62 (MB)
[INFO DRT-0187] Start routing data preparation.
[INFO DRT-0267] cpu time = 00:00:00, elapsed time = 00:00:00, memory = 103.62 (MB), peak = 103.62 (MB)
[INFO DRT-0194] Start detail routing.
[INFO DRT-0195] Start 0th optimization iteration.
    Completing 10% with 0 violations.
    elapsed time = 00:00:00, memory = 104.79 (MB).
    Completing 20% with 0 violations.
    elapsed time = 00:00:00, memory = 107.88 (MB).
    Completing 30% with 0 violations.
    elapsed time = 00:00:00, memory = 107.88 (MB).
    Completing 40% with 0 violations.
    elapsed time = 00:00:00, memory = 111.32 (MB).
    Completing 50% with 6 violations.
    elapsed time = 00:00:00, memory = 115.76 (MB).
    Completing 60% with 6 violations.
    elapsed time = 00:00:01, memory = 121.62 (MB).
    Completing 70% with 15 violations.
    elapsed time = 00:00:01, memory = 125.48 (MB).
    Completing 80% with 15 violations.
    elapsed time = 00:00:02, memory = 121.63 (MB).
    Completing 90% with 25 violations.
    elapsed time = 00:00:03, memory = 131.30 (MB).
    Completing 100% with 49 violations.
    elapsed time = 00:00:03, memory = 131.30 (MB).
[INFO DRT-0199]   Number of violations = 197.
Viol/Layer      metal1 metal2 metal3 metal4   via4 metal5   via5 metal6
Cut Spacing          0      0      0      0      5      0      4      0
Metal Spacing        1      8      0      0      0      0      0      0
Recheck              0     70     47     15      0     11      0      5
Short                0     31      0      0      0      0      0      0
[INFO DRT-0267] cpu time = 00:00:04, elapsed time = 00:00:04, memory = 672.39 (MB), peak = 684.20 (MB)
Total wire length = 2458 um.
Total wire length on LAYER metal1 = 0 um.
Total wire length on LAYER metal2 = 1149 um.
Total wire length on LAYER metal3 = 1098 um.
Total wire length on LAYER metal4 = 93 um.
Total wire length on LAYER metal5 = 54 um.
Total wire length on LAYER metal6 = 63 um.
Total wire length on LAYER metal7 = 0 um.
Total wire length on LAYER metal8 = 0 um.
Total wire length on LAYER metal9 = 0 um.
Total wire length on LAYER metal10 = 0 um.
Total number of vias = 2350.
Up-via summary (total 2350):.

---------------
 active       0
 metal1    1229
 metal2     939
 metal3      94
 metal4      60
 metal5      28
 metal6       0
 metal7       0
 metal8       0
 metal9       0
---------------
           2350


[INFO DRT-0195] Start 1st optimization iteration.
    Completing 10% with 197 violations.
    elapsed time = 00:00:00, memory = 672.39 (MB).
    Completing 20% with 197 violations.
    elapsed time = 00:00:00, memory = 672.39 (MB).
    Completing 30% with 197 violations.
    elapsed time = 00:00:00, memory = 672.39 (MB).
    Completing 40% with 197 violations.
    elapsed time = 00:00:00, memory = 672.39 (MB).
    Completing 50% with 168 violations.
    elapsed time = 00:00:00, memory = 672.39 (MB).
    Completing 60% with 168 violations.
    elapsed time = 00:00:00, memory = 672.39 (MB).
    Completing 70% with 98 violations.
    elapsed time = 00:00:00, memory = 672.64 (MB).
    Completing 80% with 98 violations.
    elapsed time = 00:00:01, memory = 672.64 (MB).
    Completing 90% with 49 violations.
    elapsed time = 00:00:01, memory = 683.98 (MB).
    Completing 100% with 11 violations.
    elapsed time = 00:00:01, memory = 683.98 (MB).
[INFO DRT-0199]   Number of violations = 11.
Viol/Layer      metal2 metal3
Metal Spacing        5      0
Short                4      2
[INFO DRT-0267] cpu time = 00:00:03, elapsed time = 00:00:02, memory = 696.67 (MB), peak = 696.67 (MB)
Total wire length = 2419 um.
Total wire length on LAYER metal1 = 0 um.
Total wire length on LAYER metal2 = 1135 um.
Total wire length on LAYER metal3 = 1073 um.
Total wire length on LAYER metal4 = 100 um.
Total wire length on LAYER metal5 = 51 um.
Total wire length on LAYER metal6 = 58 um.
Total wire length on LAYER metal7 = 0 um.
Total wire length on LAYER metal8 = 0 um.
Total wire length on LAYER metal9 = 0 um.
Total wire length on LAYER metal10 = 0 um.
Total number of vias = 2354.
Up-via summary (total 2354):.

---------------
 active       0
 metal1    1229
 metal2     943
 metal3      94
 metal4      60
 metal5      28
 metal6       0
 metal7       0
 metal8       0
 metal9       0
---------------
           2354


[INFO DRT-0195] Start 2nd optimization iteration.
    Completing 10% with 11 violations.
    elapsed time = 00:00:00, memory = 696.67 (MB).
    Completing 20% with 11 violations.
    elapsed time = 00:00:00, memory = 696.67 (MB).
    Completing 30% with 11 violations.
    elapsed time = 00:00:00, memory = 696.67 (MB).
    Completing 40% with 11 violations.
    elapsed time = 00:00:00, memory = 697.18 (MB).
    Completing 50% with 9 violations.
    elapsed time = 00:00:00, memory = 697.18 (MB).
    Completing 60% with 9 violations.
    elapsed time = 00:00:00, memory = 697.18 (MB).
    Completing 70% with 7 violations.
    elapsed time = 00:00:00, memory = 697.18 (MB).
    Completing 80% with 7 violations.
    elapsed time = 00:00:00, memory = 697.18 (MB).
    Completing 90% with 7 violations.
    elapsed time = 00:00:01, memory = 697.18 (MB).
    Completing 100% with 8 violations.
    elapsed time = 00:00:01, memory = 697.18 (MB).
[INFO DRT-0199]   Number of violations = 8.
Viol/Layer      metal2 metal3
Metal Spacing        3      0
Short                4      1
[INFO DRT-0267] cpu time = 00:00:02, elapsed time = 00:00:02, memory = 697.44 (MB), peak = 697.44 (MB)
Total wire length = 2414 um.
Total wire length on LAYER metal1 = 0 um.
Total wire length on LAYER metal2 = 1150 um.
Total wire length on LAYER metal3 = 1069 um.
Total wire length on LAYER metal4 = 83 um.
Total wire length on LAYER metal5 = 53 um.
Total wire length on LAYER metal6 = 56 um.
Total wire length on LAYER metal7 = 0 um.
Total wire length on LAYER metal8 = 0 um.
Total wire length on LAYER metal9 = 0 um.
Total wire length on LAYER metal10 = 0 um.
Total number of vias = 2340.
Up-via summary (total 2340):.

---------------
 active       0
 metal1    1229
 metal2     938
 metal3      85
 metal4      60
 metal5      28
 metal6       0
 metal7       0
 metal8       0
 metal9       0
---------------
           2340


[INFO DRT-0195] Start 3rd optimization iteration.
    Completing 10% with 8 violations.
    elapsed time = 00:00:00, memory = 697.44 (MB).
    Completing 20% with 8 violations.
    elapsed time = 00:00:00, memory = 697.44 (MB).
    Completing 30% with 8 violations.
    elapsed time = 00:00:00, memory = 697.44 (MB).
    Completing 40% with 8 violations.
    elapsed time = 00:00:00, memory = 697.44 (MB).
    Completing 50% with 7 violations.
    elapsed time = 00:00:00, memory = 697.44 (MB).
    Completing 60% with 7 violations.
    elapsed time = 00:00:00, memory = 697.44 (MB).
    Completing 70% with 7 violations.
    elapsed time = 00:00:00, memory = 697.44 (MB).
    Completing 80% with 7 violations.
    elapsed time = 00:00:00, memory = 697.44 (MB).
    Completing 90% with 4 violations.
    elapsed time = 00:00:00, memory = 700.02 (MB).
    Completing 100% with 0 violations.
    elapsed time = 00:00:00, memory = 700.02 (MB).
[INFO DRT-0199]   Number of violations = 0.
[INFO DRT-0267] cpu time = 00:00:01, elapsed time = 00:00:00, memory = 700.02 (MB), peak = 700.02 (MB)
Total wire length = 2413 um.
Total wire length on LAYER metal1 = 0 um.
Total wire length on LAYER metal2 = 1137 um.
Total wire length on LAYER metal3 = 1073 um.
Total wire length on LAYER metal4 = 91 um.
Total wire length on LAYER metal5 = 53 um.
Total wire length on LAYER metal6 = 56 um.
Total wire length on LAYER metal7 = 0 um.
Total wire length on LAYER metal8 = 0 um.
Total wire length on LAYER metal9 = 0 um.
Total wire length on LAYER metal10 = 0 um.
Total number of vias = 2363.
Up-via summary (total 2363):.

---------------
 active       0
 metal1    1229
 metal2     953
 metal3      93
 metal4      60
 metal5      28
 metal6       0
 metal7       0
 metal8       0
 metal9       0
---------------
           2363


[INFO DRT-0198] Complete detail routing.
Total wire length = 2413 um.
Total wire length on LAYER metal1 = 0 um.
Total wire length on LAYER metal2 = 1137 um.
Total wire length on LAYER metal3 = 1073 um.
Total wire length on LAYER metal4 = 91 um.
Total wire length on LAYER metal5 = 53 um.
Total wire length on LAYER metal6 = 56 um.
Total wire length on LAYER metal7 = 0 um.
Total wire length on LAYER metal8 = 0 um.
Total wire length on LAYER metal9 = 0 um.
Total wire length on LAYER metal10 = 0 um.
Total number of vias = 2363.
Up-via summary (total 2363):.

---------------
 active       0
 metal1    1229
 metal2     953
 metal3      93
 metal4      60
 metal5      28
 metal6       0
 metal7       0
 metal8       0
 metal9       0
---------------
           2363


[INFO DRT-0267] cpu time = 00:00:11, elapsed time = 00:00:09, memory = 700.02 (MB), peak = 700.02 (MB)

[INFO DRT-0180] Post processing.
Elapsed time: 0:11.99[h:]min:sec. CPU time: user 19.06 sys 0.32 (161%). Peak memory: 716916KB.
