OpenROAD v2.0-6895-g5c85b36f8 
This program is licensed under the BSD-3 license. See the LICENSE file for details.
Components of this program may be licensed under more restrictive licenses which must be honored.
[INFO GPL-0002] DBU: 2000
[INFO GPL-0003] SiteSize: 380 2800
[INFO GPL-0004] CoreAreaLxLy: 2280 2800
[INFO GPL-0005] CoreAreaUxUy: 63460 61600
[INFO GPL-0006] NumInstances: 389
[INFO GPL-0007] NumPlaceInstances: 347
[INFO GPL-0008] NumFixedInstances: 42
[INFO GPL-0009] NumDummyInstances: 0
[INFO GPL-0010] NumNets: 418
[INFO GPL-0011] NumPins: 1187
[INFO GPL-0012] DieAreaLxLy: 0 0
[INFO GPL-0013] DieAreaUxUy: 65480 65480
[INFO GPL-0014] CoreAreaLxLy: 2280 2800
[INFO GPL-0015] CoreAreaUxUy: 63460 61600
[INFO GPL-0016] CoreArea: 3597384000
[INFO GPL-0017] NonPlaceInstsArea: 44688000
[INFO GPL-0018] PlaceInstsArea: 2005640000
[INFO GPL-0019] Util(%): 56.45
[INFO GPL-0020] StdInstsArea: 2005640000
[INFO GPL-0021] MacroInstsArea: 0
[INFO GPL-0031] FillerInit: NumGCells: 640
[INFO GPL-0032] FillerInit: NumGNets: 418
[INFO GPL-0033] FillerInit: NumGPins: 1187
[INFO GPL-0023] TargetDensity: 1.00
[INFO GPL-0024] AveragePlaceInstArea: 5779942
[INFO GPL-0025] IdealBinArea: 5779942
[INFO GPL-0026] IdealBinCnt: 622
[INFO GPL-0027] TotalBinArea: 3597384000
[INFO GPL-0028] BinCnt: 16 16
[INFO GPL-0029] BinSize: 3824 3675
[INFO GPL-0030] NumBins: 256
[INFO GPL-0002] DBU: 2000
[INFO GPL-0003] SiteSize: 380 2800
[INFO GPL-0004] CoreAreaLxLy: 2280 2800
[INFO GPL-0005] CoreAreaUxUy: 63460 61600
[INFO GPL-0006] NumInstances: 389
[INFO GPL-0007] NumPlaceInstances: 347
[INFO GPL-0008] NumFixedInstances: 42
[INFO GPL-0009] NumDummyInstances: 0
[INFO GPL-0010] NumNets: 418
[INFO GPL-0011] NumPins: 1187
[INFO GPL-0012] DieAreaLxLy: 0 0
[INFO GPL-0013] DieAreaUxUy: 65480 65480
[INFO GPL-0014] CoreAreaLxLy: 2280 2800
[INFO GPL-0015] CoreAreaUxUy: 63460 61600
[INFO GPL-0016] CoreArea: 3597384000
[INFO GPL-0017] NonPlaceInstsArea: 44688000
[INFO GPL-0018] PlaceInstsArea: 2005640000
[INFO GPL-0019] Util(%): 56.45
[INFO GPL-0020] StdInstsArea: 2005640000
[INFO GPL-0021] MacroInstsArea: 0
[InitialPlace]  Iter: 1 CG residual: 0.00000006 HPWL: 5190695
[InitialPlace]  Iter: 2 CG residual: 0.00000011 HPWL: 4651465
[InitialPlace]  Iter: 3 CG residual: 0.00000008 HPWL: 4643586
[InitialPlace]  Iter: 4 CG residual: 0.00000006 HPWL: 4641016
[InitialPlace]  Iter: 5 CG residual: 0.00000008 HPWL: 4629452
[INFO GPL-0031] FillerInit: NumGCells: 412
[INFO GPL-0032] FillerInit: NumGNets: 418
[INFO GPL-0033] FillerInit: NumGPins: 1187
[INFO GPL-0023] TargetDensity: 0.66
[INFO GPL-0024] AveragePlaceInstArea: 5779942
[INFO GPL-0025] IdealBinArea: 8735883
[INFO GPL-0026] IdealBinCnt: 411
[INFO GPL-0027] TotalBinArea: 3597384000
[INFO GPL-0028] BinCnt: 16 16
[INFO GPL-0029] BinSize: 3824 3675
[INFO GPL-0030] NumBins: 256
[NesterovSolve] Iter: 1 overflow: 0.707814 HPWL: 2825095
[INFO GPL-0100] worst slack -4.92e-11
[INFO GPL-0103] Weighted 40 nets.
[INFO GPL-0100] worst slack -5.09e-11
[INFO GPL-0103] Weighted 40 nets.
[NesterovSolve] Iter: 10 overflow: 0.597562 HPWL: 2957177
[NesterovSolve] Snapshot saved at iter = 9
[NesterovSolve] Iter: 20 overflow: 0.562986 HPWL: 2945997
[NesterovSolve] Iter: 30 overflow: 0.560091 HPWL: 2932049
[NesterovSolve] Iter: 40 overflow: 0.564557 HPWL: 2936799
[NesterovSolve] Iter: 50 overflow: 0.566587 HPWL: 2939534
[NesterovSolve] Iter: 60 overflow: 0.564889 HPWL: 2936881
[NesterovSolve] Iter: 70 overflow: 0.563793 HPWL: 2934836
[NesterovSolve] Iter: 80 overflow: 0.564807 HPWL: 2936043
[NesterovSolve] Iter: 90 overflow: 0.564753 HPWL: 2936961
[NesterovSolve] Iter: 100 overflow: 0.563856 HPWL: 2936629
[NesterovSolve] Iter: 110 overflow: 0.563025 HPWL: 2936140
[NesterovSolve] Iter: 120 overflow: 0.56172 HPWL: 2935981
[NesterovSolve] Iter: 130 overflow: 0.559073 HPWL: 2935649
[NesterovSolve] Iter: 140 overflow: 0.554553 HPWL: 2934351
[NesterovSolve] Iter: 150 overflow: 0.546983 HPWL: 2931452
[NesterovSolve] Iter: 160 overflow: 0.534967 HPWL: 2925895
[NesterovSolve] Iter: 170 overflow: 0.517224 HPWL: 2918031
[NesterovSolve] Iter: 180 overflow: 0.497132 HPWL: 2910656
[INFO GPL-0100] worst slack -4.25e-11
[INFO GPL-0103] Weighted 41 nets.
[NesterovSolve] Iter: 190 overflow: 0.474143 HPWL: 2900093
[NesterovSolve] Iter: 200 overflow: 0.448943 HPWL: 2890738
[NesterovSolve] Iter: 210 overflow: 0.420748 HPWL: 2885081
[NesterovSolve] Iter: 220 overflow: 0.388908 HPWL: 2882292
[NesterovSolve] Iter: 230 overflow: 0.356623 HPWL: 2876910
[NesterovSolve] Iter: 240 overflow: 0.331713 HPWL: 2881010
[NesterovSolve] Iter: 250 overflow: 0.308146 HPWL: 2888377
[INFO GPL-0100] worst slack -5.45e-11
[INFO GPL-0103] Weighted 40 nets.
[NesterovSolve] Iter: 260 overflow: 0.281648 HPWL: 2896432
[NesterovSolve] Iter: 270 overflow: 0.25111 HPWL: 2904881
[NesterovSolve] Iter: 280 overflow: 0.222269 HPWL: 2915929
[INFO GPL-0100] worst slack -5.39e-11
[INFO GPL-0103] Weighted 40 nets.
[INFO GPL-0075] Routability numCall: 1 inflationIterCnt: 1 bloatIterCnt: 0
[INFO GPL-0036] TileLxLy: 0 0
[INFO GPL-0037] TileSize: 4200 4200
[INFO GPL-0038] TileCnt: 15 15
[INFO GPL-0039] numRoutingLayers: 10
[INFO GPL-0040] NumTiles: 225
[INFO GPL-0063] TotalRouteOverflowH2: 0.0
[INFO GPL-0064] TotalRouteOverflowV2: 0.0
[INFO GPL-0065] OverflowTileCnt2: 0
[INFO GPL-0066] 0.5%RC: 1.0
[INFO GPL-0067] 1.0%RC: 1.0
[INFO GPL-0068] 2.0%RC: 0.9772727340459824
[INFO GPL-0069] 5.0%RC: 0.9090909179376097
[INFO GPL-0070] 0.5rcK: 1.0
[INFO GPL-0071] 1.0rcK: 1.0
[INFO GPL-0072] 2.0rcK: 0.0
[INFO GPL-0073] 5.0rcK: 0.0
[INFO GPL-0074] FinalRC: 1.0
[NesterovSolve] Iter: 290 overflow: 0.192872 HPWL: 2921686
[NesterovSolve] Iter: 300 overflow: 0.172087 HPWL: 2936093
[NesterovSolve] Iter: 310 overflow: 0.150919 HPWL: 2951350
[INFO GPL-0100] worst slack -5.36e-11
[INFO GPL-0103] Weighted 41 nets.
[NesterovSolve] Iter: 320 overflow: 0.131109 HPWL: 2975845
[NesterovSolve] Iter: 330 overflow: 0.112656 HPWL: 2992569
[NesterovSolve] Finished with Overflow: 0.098865

==========================================================================
global place check_setup
--------------------------------------------------------------------------

==========================================================================
global place report_tns
--------------------------------------------------------------------------
tns -0.63

==========================================================================
global place report_wns
--------------------------------------------------------------------------
wns -0.06

==========================================================================
global place report_worst_slack
--------------------------------------------------------------------------
worst slack -0.06

==========================================================================
global place report_checks -path_delay min
--------------------------------------------------------------------------
Startpoint: reset (input port clocked by core_clock)
Endpoint: _674_ (rising edge-triggered flip-flop clocked by core_clock)
Path Group: core_clock
Path Type: min

Fanout     Cap    Slew   Delay    Time   Description
-----------------------------------------------------------------------------
                  0.00    0.00    0.00   clock core_clock (rise edge)
                          0.00    0.00   clock network delay (ideal)
                          0.09    0.09 ^ input external delay
                  0.00    0.00    0.09 ^ reset (in)
     3    4.80                           reset (net)
                  0.00    0.00    0.09 ^ _498_/B1 (OAI22_X1)
                  0.00    0.01    0.10 v _498_/ZN (OAI22_X1)
     1    1.32                           _002_ (net)
                  0.00    0.00    0.10 v _674_/D (DFF_X1)
                                  0.10   data arrival time

                  0.00    0.00    0.00   clock core_clock (rise edge)
                          0.00    0.00   clock network delay (ideal)
                          0.00    0.00   clock reconvergence pessimism
                                  0.00 ^ _674_/CK (DFF_X1)
                          0.00    0.00   library hold time
                                  0.00   data required time
-----------------------------------------------------------------------------
                                  0.00   data required time
                                 -0.10   data arrival time
-----------------------------------------------------------------------------
                                  0.10   slack (MET)



==========================================================================
global place report_checks -path_delay max
--------------------------------------------------------------------------
Startpoint: _672_ (rising edge-triggered flip-flop clocked by core_clock)
Endpoint: _706_ (rising edge-triggered flip-flop clocked by core_clock)
Path Group: core_clock
Path Type: max

Fanout     Cap    Slew   Delay    Time   Description
-----------------------------------------------------------------------------
                  0.00    0.00    0.00   clock core_clock (rise edge)
                          0.00    0.00   clock network delay (ideal)
                  0.00    0.00    0.00 ^ _672_/CK (DFF_X1)
                  0.19    0.28    0.28 ^ _672_/Q (DFF_X1)
    41   84.21                           req_rdy (net)
                  0.19    0.00    0.28 ^ _585_/A2 (NOR2_X1)
                  0.07    0.10    0.38 v _585_/ZN (NOR2_X1)
    16   30.95                           _240_ (net)
                  0.07    0.00    0.38 v _669_/A1 (AND2_X1)
                  0.01    0.05    0.43 v _669_/ZN (AND2_X1)
     1    1.64                           _309_ (net)
                  0.01    0.00    0.43 v _670_/A (AOI21_X1)
                  0.03    0.04    0.47 ^ _670_/ZN (AOI21_X1)
     1    1.77                           _310_ (net)
                  0.03    0.00    0.47 ^ _671_/A2 (NAND2_X1)
                  0.01    0.02    0.48 v _671_/ZN (NAND2_X1)
     1    1.08                           _035_ (net)
                  0.01    0.00    0.48 v _706_/D (DFF_X1)
                                  0.48   data arrival time

                  0.00    0.46    0.46   clock core_clock (rise edge)
                          0.00    0.46   clock network delay (ideal)
                          0.00    0.46   clock reconvergence pessimism
                                  0.46 ^ _706_/CK (DFF_X1)
                         -0.04    0.42   library setup time
                                  0.42   data required time
-----------------------------------------------------------------------------
                                  0.42   data required time
                                 -0.48   data arrival time
-----------------------------------------------------------------------------
                                 -0.06   slack (VIOLATED)



==========================================================================
global place report_checks -unconstrained
--------------------------------------------------------------------------
Startpoint: _672_ (rising edge-triggered flip-flop clocked by core_clock)
Endpoint: _706_ (rising edge-triggered flip-flop clocked by core_clock)
Path Group: core_clock
Path Type: max

Fanout     Cap    Slew   Delay    Time   Description
-----------------------------------------------------------------------------
                  0.00    0.00    0.00   clock core_clock (rise edge)
                          0.00    0.00   clock network delay (ideal)
                  0.00    0.00    0.00 ^ _672_/CK (DFF_X1)
                  0.19    0.28    0.28 ^ _672_/Q (DFF_X1)
    41   84.21                           req_rdy (net)
                  0.19    0.00    0.28 ^ _585_/A2 (NOR2_X1)
                  0.07    0.10    0.38 v _585_/ZN (NOR2_X1)
    16   30.95                           _240_ (net)
                  0.07    0.00    0.38 v _669_/A1 (AND2_X1)
                  0.01    0.05    0.43 v _669_/ZN (AND2_X1)
     1    1.64                           _309_ (net)
                  0.01    0.00    0.43 v _670_/A (AOI21_X1)
                  0.03    0.04    0.47 ^ _670_/ZN (AOI21_X1)
     1    1.77                           _310_ (net)
                  0.03    0.00    0.47 ^ _671_/A2 (NAND2_X1)
                  0.01    0.02    0.48 v _671_/ZN (NAND2_X1)
     1    1.08                           _035_ (net)
                  0.01    0.00    0.48 v _706_/D (DFF_X1)
                                  0.48   data arrival time

                  0.00    0.46    0.46   clock core_clock (rise edge)
                          0.00    0.46   clock network delay (ideal)
                          0.00    0.46   clock reconvergence pessimism
                                  0.46 ^ _706_/CK (DFF_X1)
                         -0.04    0.42   library setup time
                                  0.42   data required time
-----------------------------------------------------------------------------
                                  0.42   data required time
                                 -0.48   data arrival time
-----------------------------------------------------------------------------
                                 -0.06   slack (VIOLATED)



==========================================================================
global place report_power
--------------------------------------------------------------------------
Group                  Internal  Switching    Leakage      Total
                          Power      Power      Power      Power (Watts)
----------------------------------------------------------------
Sequential             4.39e-04   5.66e-05   2.77e-06   4.98e-04  44.7%
Combinational          3.19e-04   2.89e-04   8.11e-06   6.15e-04  55.3%
Macro                  0.00e+00   0.00e+00   0.00e+00   0.00e+00   0.0%
Pad                    0.00e+00   0.00e+00   0.00e+00   0.00e+00   0.0%
----------------------------------------------------------------
Total                  7.57e-04   3.45e-04   1.09e-05   1.11e-03 100.0%
                          68.0%      31.0%       1.0%

==========================================================================
global place report_design_area
--------------------------------------------------------------------------
Design area 513 u^2 57% utilization.

Elapsed time: 0:01.59[h:]min:sec. CPU time: user 1.27 sys 0.10 (86%). Peak memory: 194320KB.
