OpenROAD v2.0-6895-g5c85b36f8 
This program is licensed under the BSD-3 license. See the LICENSE file for details.
Components of this program may be licensed under more restrictive licenses which must be honored.

==========================================================================
resizer pre check_setup
--------------------------------------------------------------------------

==========================================================================
resizer pre report_tns
--------------------------------------------------------------------------
tns -0.63

==========================================================================
resizer pre report_wns
--------------------------------------------------------------------------
wns -0.06

==========================================================================
resizer pre report_worst_slack
--------------------------------------------------------------------------
worst slack -0.06

==========================================================================
resizer pre report_checks -path_delay min
--------------------------------------------------------------------------
Startpoint: reset (input port clocked by core_clock)
Endpoint: _674_ (rising edge-triggered flip-flop clocked by core_clock)
Path Group: core_clock
Path Type: min

Fanout     Cap    Slew   Delay    Time   Description
-----------------------------------------------------------------------------
                  0.00    0.00    0.00   clock core_clock (rise edge)
                          0.00    0.00   clock network delay (ideal)
                          0.09    0.09 ^ input external delay
                  0.00    0.00    0.09 ^ reset (in)
     3    4.80                           reset (net)
                  0.00    0.00    0.09 ^ _498_/B1 (OAI22_X1)
                  0.00    0.01    0.10 v _498_/ZN (OAI22_X1)
     1    1.32                           _002_ (net)
                  0.00    0.00    0.10 v _674_/D (DFF_X1)
                                  0.10   data arrival time

                  0.00    0.00    0.00   clock core_clock (rise edge)
                          0.00    0.00   clock network delay (ideal)
                          0.00    0.00   clock reconvergence pessimism
                                  0.00 ^ _674_/CK (DFF_X1)
                          0.00    0.00   library hold time
                                  0.00   data required time
-----------------------------------------------------------------------------
                                  0.00   data required time
                                 -0.10   data arrival time
-----------------------------------------------------------------------------
                                  0.10   slack (MET)



==========================================================================
resizer pre report_checks -path_delay max
--------------------------------------------------------------------------
Startpoint: _672_ (rising edge-triggered flip-flop clocked by core_clock)
Endpoint: _706_ (rising edge-triggered flip-flop clocked by core_clock)
Path Group: core_clock
Path Type: max

Fanout     Cap    Slew   Delay    Time   Description
-----------------------------------------------------------------------------
                  0.00    0.00    0.00   clock core_clock (rise edge)
                          0.00    0.00   clock network delay (ideal)
                  0.00    0.00    0.00 ^ _672_/CK (DFF_X1)
                  0.19    0.28    0.28 ^ _672_/Q (DFF_X1)
    41   84.21                           req_rdy (net)
                  0.19    0.00    0.28 ^ _585_/A2 (NOR2_X1)
                  0.07    0.10    0.38 v _585_/ZN (NOR2_X1)
    16   30.95                           _240_ (net)
                  0.07    0.00    0.38 v _669_/A1 (AND2_X1)
                  0.01    0.05    0.43 v _669_/ZN (AND2_X1)
     1    1.64                           _309_ (net)
                  0.01    0.00    0.43 v _670_/A (AOI21_X1)
                  0.03    0.04    0.47 ^ _670_/ZN (AOI21_X1)
     1    1.77                           _310_ (net)
                  0.03    0.00    0.47 ^ _671_/A2 (NAND2_X1)
                  0.01    0.02    0.48 v _671_/ZN (NAND2_X1)
     1    1.08                           _035_ (net)
                  0.01    0.00    0.48 v _706_/D (DFF_X1)
                                  0.48   data arrival time

                  0.00    0.46    0.46   clock core_clock (rise edge)
                          0.00    0.46   clock network delay (ideal)
                          0.00    0.46   clock reconvergence pessimism
                                  0.46 ^ _706_/CK (DFF_X1)
                         -0.04    0.42   library setup time
                                  0.42   data required time
-----------------------------------------------------------------------------
                                  0.42   data required time
                                 -0.48   data arrival time
-----------------------------------------------------------------------------
                                 -0.06   slack (VIOLATED)



==========================================================================
resizer pre report_checks -unconstrained
--------------------------------------------------------------------------
Startpoint: _672_ (rising edge-triggered flip-flop clocked by core_clock)
Endpoint: _706_ (rising edge-triggered flip-flop clocked by core_clock)
Path Group: core_clock
Path Type: max

Fanout     Cap    Slew   Delay    Time   Description
-----------------------------------------------------------------------------
                  0.00    0.00    0.00   clock core_clock (rise edge)
                          0.00    0.00   clock network delay (ideal)
                  0.00    0.00    0.00 ^ _672_/CK (DFF_X1)
                  0.19    0.28    0.28 ^ _672_/Q (DFF_X1)
    41   84.21                           req_rdy (net)
                  0.19    0.00    0.28 ^ _585_/A2 (NOR2_X1)
                  0.07    0.10    0.38 v _585_/ZN (NOR2_X1)
    16   30.95                           _240_ (net)
                  0.07    0.00    0.38 v _669_/A1 (AND2_X1)
                  0.01    0.05    0.43 v _669_/ZN (AND2_X1)
     1    1.64                           _309_ (net)
                  0.01    0.00    0.43 v _670_/A (AOI21_X1)
                  0.03    0.04    0.47 ^ _670_/ZN (AOI21_X1)
     1    1.77                           _310_ (net)
                  0.03    0.00    0.47 ^ _671_/A2 (NAND2_X1)
                  0.01    0.02    0.48 v _671_/ZN (NAND2_X1)
     1    1.08                           _035_ (net)
                  0.01    0.00    0.48 v _706_/D (DFF_X1)
                                  0.48   data arrival time

                  0.00    0.46    0.46   clock core_clock (rise edge)
                          0.00    0.46   clock network delay (ideal)
                          0.00    0.46   clock reconvergence pessimism
                                  0.46 ^ _706_/CK (DFF_X1)
                         -0.04    0.42   library setup time
                                  0.42   data required time
-----------------------------------------------------------------------------
                                  0.42   data required time
                                 -0.48   data arrival time
-----------------------------------------------------------------------------
                                 -0.06   slack (VIOLATED)



==========================================================================
resizer pre report_power
--------------------------------------------------------------------------
Group                  Internal  Switching    Leakage      Total
                          Power      Power      Power      Power (Watts)
----------------------------------------------------------------
Sequential             4.39e-04   5.66e-05   2.77e-06   4.98e-04  44.7%
Combinational          3.19e-04   2.89e-04   8.11e-06   6.15e-04  55.3%
Macro                  0.00e+00   0.00e+00   0.00e+00   0.00e+00   0.0%
Pad                    0.00e+00   0.00e+00   0.00e+00   0.00e+00   0.0%
----------------------------------------------------------------
Total                  7.57e-04   3.45e-04   1.09e-05   1.11e-03 100.0%
                          68.0%      31.0%       1.0%

==========================================================================
resizer pre report_design_area
--------------------------------------------------------------------------
Design area 513 u^2 57% utilization.


==========================================================================
instance_count
--------------------------------------------------------------------------
389

==========================================================================
pin_count
--------------------------------------------------------------------------
1133

Perform port buffering...
[INFO RSZ-0027] Inserted 35 input buffers.
[INFO RSZ-0028] Inserted 18 output buffers.
Perform buffer insertion...
[INFO RSZ-0058] Using max wire length 661um.
[INFO RSZ-0039] Resized 39 instances.
Repair tie lo fanout...
Repair tie hi fanout...

==========================================================================
report_floating_nets
--------------------------------------------------------------------------

==========================================================================
resizer check_setup
--------------------------------------------------------------------------

==========================================================================
resizer report_tns
--------------------------------------------------------------------------
tns -0.76

==========================================================================
resizer report_wns
--------------------------------------------------------------------------
wns -0.08

==========================================================================
resizer report_worst_slack
--------------------------------------------------------------------------
worst slack -0.08

==========================================================================
resizer report_checks -path_delay min
--------------------------------------------------------------------------
Startpoint: _673_ (rising edge-triggered flip-flop clocked by core_clock)
Endpoint: _673_ (rising edge-triggered flip-flop clocked by core_clock)
Path Group: core_clock
Path Type: min

Fanout     Cap    Slew   Delay    Time   Description
-----------------------------------------------------------------------------
                  0.00    0.00    0.00   clock core_clock (rise edge)
                          0.00    0.00   clock network delay (ideal)
                  0.00    0.00    0.00 ^ _673_/CK (DFF_X1)
                  0.01    0.08    0.08 v _673_/Q (DFF_X1)
     2    2.55                           ctrl.state.out[1] (net)
                  0.01    0.00    0.08 v _505_/A2 (NAND2_X1)
                  0.01    0.02    0.10 ^ _505_/ZN (NAND2_X1)
     1    1.80                           _177_ (net)
                  0.01    0.00    0.10 ^ _506_/A (OAI21_X1)
                  0.01    0.01    0.11 v _506_/ZN (OAI21_X1)
     1    1.23                           _001_ (net)
                  0.01    0.00    0.11 v _673_/D (DFF_X1)
                                  0.11   data arrival time

                  0.00    0.00    0.00   clock core_clock (rise edge)
                          0.00    0.00   clock network delay (ideal)
                          0.00    0.00   clock reconvergence pessimism
                                  0.00 ^ _673_/CK (DFF_X1)
                          0.00    0.00   library hold time
                                  0.00   data required time
-----------------------------------------------------------------------------
                                  0.00   data required time
                                 -0.11   data arrival time
-----------------------------------------------------------------------------
                                  0.11   slack (MET)



==========================================================================
resizer report_checks -path_delay max
--------------------------------------------------------------------------
Startpoint: _692_ (rising edge-triggered flip-flop clocked by core_clock)
Endpoint: resp_msg[15] (output port clocked by core_clock)
Path Group: core_clock
Path Type: max

Fanout     Cap    Slew   Delay    Time   Description
-----------------------------------------------------------------------------
                  0.00    0.00    0.00   clock core_clock (rise edge)
                          0.00    0.00   clock network delay (ideal)
                  0.00    0.00    0.00 ^ _692_/CK (DFF_X2)
                  0.01    0.12    0.12 ^ _692_/Q (DFF_X2)
     5    9.08                           dpath.a_lt_b$in0[1] (net)
                  0.01    0.00    0.12 ^ _350_/A2 (NOR2_X1)
                  0.01    0.01    0.13 v _350_/ZN (NOR2_X1)
     1    1.67                           _041_ (net)
                  0.01    0.00    0.13 v _351_/B2 (OAI21_X1)
                  0.04    0.05    0.18 ^ _351_/ZN (OAI21_X1)
     3    6.05                           _042_ (net)
                  0.04    0.00    0.18 ^ _363_/A1 (NAND2_X1)
                  0.01    0.02    0.20 v _363_/ZN (NAND2_X1)
     1    1.72                           _054_ (net)
                  0.01    0.00    0.20 v _367_/A1 (NAND2_X1)
                  0.02    0.03    0.23 ^ _367_/ZN (NAND2_X1)
     3    6.00                           _058_ (net)
                  0.02    0.00    0.23 ^ _376_/A1 (NAND2_X1)
                  0.01    0.02    0.25 v _376_/ZN (NAND2_X1)
     1    3.05                           _067_ (net)
                  0.01    0.00    0.25 v _393_/A1 (NAND2_X2)
                  0.02    0.03    0.27 ^ _393_/ZN (NAND2_X2)
     5   11.68                           _084_ (net)
                  0.02    0.00    0.27 ^ _404_/A1 (NAND2_X1)
                  0.01    0.01    0.29 v _404_/ZN (NAND2_X1)
     1    1.58                           _095_ (net)
                  0.01    0.00    0.29 v _415_/A1 (NAND2_X1)
                  0.02    0.02    0.31 ^ _415_/ZN (NAND2_X1)
     3    6.11                           _106_ (net)
                  0.02    0.00    0.31 ^ _421_/A1 (NAND2_X1)
                  0.01    0.02    0.33 v _421_/ZN (NAND2_X1)
     1    1.62                           _112_ (net)
                  0.01    0.00    0.33 v _427_/A1 (NAND2_X1)
                  0.01    0.02    0.35 ^ _427_/ZN (NAND2_X1)
     2    4.13                           _118_ (net)
                  0.01    0.00    0.35 ^ _431_/A1 (NAND2_X1)
                  0.01    0.02    0.37 v _431_/ZN (NAND2_X1)
     2    3.33                           _122_ (net)
                  0.01    0.00    0.37 v _433_/A1 (NAND2_X1)
                  0.01    0.01    0.38 ^ _433_/ZN (NAND2_X1)
     1    1.66                           _124_ (net)
                  0.01    0.00    0.38 ^ _437_/A1 (NAND2_X1)
                  0.01    0.01    0.40 v _437_/ZN (NAND2_X1)
     2    2.54                           _128_ (net)
                  0.01    0.00    0.40 v _439_/A1 (AND2_X1)
                  0.01    0.03    0.42 v _439_/ZN (AND2_X1)
     1    1.32                           net43 (net)
                  0.01    0.00    0.42 v output43/A (BUF_X1)
                  0.00    0.02    0.44 v output43/Z (BUF_X1)
     1    0.22                           resp_msg[15] (net)
                  0.00    0.00    0.44 v resp_msg[15] (out)
                                  0.44   data arrival time

                  0.00    0.46    0.46   clock core_clock (rise edge)
                          0.00    0.46   clock network delay (ideal)
                          0.00    0.46   clock reconvergence pessimism
                         -0.09    0.37   output external delay
                                  0.37   data required time
-----------------------------------------------------------------------------
                                  0.37   data required time
                                 -0.44   data arrival time
-----------------------------------------------------------------------------
                                 -0.08   slack (VIOLATED)



==========================================================================
resizer report_checks -unconstrained
--------------------------------------------------------------------------
Startpoint: _692_ (rising edge-triggered flip-flop clocked by core_clock)
Endpoint: resp_msg[15] (output port clocked by core_clock)
Path Group: core_clock
Path Type: max

Fanout     Cap    Slew   Delay    Time   Description
-----------------------------------------------------------------------------
                  0.00    0.00    0.00   clock core_clock (rise edge)
                          0.00    0.00   clock network delay (ideal)
                  0.00    0.00    0.00 ^ _692_/CK (DFF_X2)
                  0.01    0.12    0.12 ^ _692_/Q (DFF_X2)
     5    9.08                           dpath.a_lt_b$in0[1] (net)
                  0.01    0.00    0.12 ^ _350_/A2 (NOR2_X1)
                  0.01    0.01    0.13 v _350_/ZN (NOR2_X1)
     1    1.67                           _041_ (net)
                  0.01    0.00    0.13 v _351_/B2 (OAI21_X1)
                  0.04    0.05    0.18 ^ _351_/ZN (OAI21_X1)
     3    6.05                           _042_ (net)
                  0.04    0.00    0.18 ^ _363_/A1 (NAND2_X1)
                  0.01    0.02    0.20 v _363_/ZN (NAND2_X1)
     1    1.72                           _054_ (net)
                  0.01    0.00    0.20 v _367_/A1 (NAND2_X1)
                  0.02    0.03    0.23 ^ _367_/ZN (NAND2_X1)
     3    6.00                           _058_ (net)
                  0.02    0.00    0.23 ^ _376_/A1 (NAND2_X1)
                  0.01    0.02    0.25 v _376_/ZN (NAND2_X1)
     1    3.05                           _067_ (net)
                  0.01    0.00    0.25 v _393_/A1 (NAND2_X2)
                  0.02    0.03    0.27 ^ _393_/ZN (NAND2_X2)
     5   11.68                           _084_ (net)
                  0.02    0.00    0.27 ^ _404_/A1 (NAND2_X1)
                  0.01    0.01    0.29 v _404_/ZN (NAND2_X1)
     1    1.58                           _095_ (net)
                  0.01    0.00    0.29 v _415_/A1 (NAND2_X1)
                  0.02    0.02    0.31 ^ _415_/ZN (NAND2_X1)
     3    6.11                           _106_ (net)
                  0.02    0.00    0.31 ^ _421_/A1 (NAND2_X1)
                  0.01    0.02    0.33 v _421_/ZN (NAND2_X1)
     1    1.62                           _112_ (net)
                  0.01    0.00    0.33 v _427_/A1 (NAND2_X1)
                  0.01    0.02    0.35 ^ _427_/ZN (NAND2_X1)
     2    4.13                           _118_ (net)
                  0.01    0.00    0.35 ^ _431_/A1 (NAND2_X1)
                  0.01    0.02    0.37 v _431_/ZN (NAND2_X1)
     2    3.33                           _122_ (net)
                  0.01    0.00    0.37 v _433_/A1 (NAND2_X1)
                  0.01    0.01    0.38 ^ _433_/ZN (NAND2_X1)
     1    1.66                           _124_ (net)
                  0.01    0.00    0.38 ^ _437_/A1 (NAND2_X1)
                  0.01    0.01    0.40 v _437_/ZN (NAND2_X1)
     2    2.54                           _128_ (net)
                  0.01    0.00    0.40 v _439_/A1 (AND2_X1)
                  0.01    0.03    0.42 v _439_/ZN (AND2_X1)
     1    1.32                           net43 (net)
                  0.01    0.00    0.42 v output43/A (BUF_X1)
                  0.00    0.02    0.44 v output43/Z (BUF_X1)
     1    0.22                           resp_msg[15] (net)
                  0.00    0.00    0.44 v resp_msg[15] (out)
                                  0.44   data arrival time

                  0.00    0.46    0.46   clock core_clock (rise edge)
                          0.00    0.46   clock network delay (ideal)
                          0.00    0.46   clock reconvergence pessimism
                         -0.09    0.37   output external delay
                                  0.37   data required time
-----------------------------------------------------------------------------
                                  0.37   data required time
                                 -0.44   data arrival time
-----------------------------------------------------------------------------
                                 -0.08   slack (VIOLATED)



==========================================================================
resizer report_check_types -max_slew -max_cap -max_fanout -violators
--------------------------------------------------------------------------

==========================================================================
resizer max_slew_check_slack
--------------------------------------------------------------------------
0.09322796016931534

==========================================================================
resizer max_slew_check_limit
--------------------------------------------------------------------------
0.1985349953174591

==========================================================================
resizer max_slew_check_slack_limit
--------------------------------------------------------------------------
0.4696

==========================================================================
resizer max_fanout_check_slack
--------------------------------------------------------------------------
1.0000000150474662e+30

==========================================================================
resizer max_fanout_check_limit
--------------------------------------------------------------------------
1.0000000150474662e+30

==========================================================================
resizer max_capacitance_check_slack
--------------------------------------------------------------------------
14.317660331726074

==========================================================================
resizer max_capacitance_check_limit
--------------------------------------------------------------------------
16.021699905395508

==========================================================================
resizer max_capacitance_check_slack_limit
--------------------------------------------------------------------------
0.8936

==========================================================================
resizer max_slew_violation_count
--------------------------------------------------------------------------
max slew violation count 0

==========================================================================
resizer max_fanout_violation_count
--------------------------------------------------------------------------
max fanout violation count 0

==========================================================================
resizer max_cap_violation_count
--------------------------------------------------------------------------
max cap violation count 0

==========================================================================
resizer setup_violation_count
--------------------------------------------------------------------------
setup violation count 1

==========================================================================
resizer hold_violation_count
--------------------------------------------------------------------------
hold violation count 0

==========================================================================
resizer critical path delay
--------------------------------------------------------------------------
0.4450

==========================================================================
resizer critical path slack
--------------------------------------------------------------------------
-0.0770

==========================================================================
resizer slack div critical path delay
--------------------------------------------------------------------------
-17.303371

==========================================================================
resizer report_power
--------------------------------------------------------------------------
Group                  Internal  Switching    Leakage      Total
                          Power      Power      Power      Power (Watts)
----------------------------------------------------------------
Sequential             4.53e-04   5.84e-05   3.16e-06   5.15e-04  47.0%
Combinational          3.01e-04   2.71e-04   8.60e-06   5.80e-04  53.0%
Macro                  0.00e+00   0.00e+00   0.00e+00   0.00e+00   0.0%
Pad                    0.00e+00   0.00e+00   0.00e+00   0.00e+00   0.0%
----------------------------------------------------------------
Total                  7.54e-04   3.29e-04   1.18e-05   1.09e-03 100.0%
                          68.9%      30.0%       1.1%

==========================================================================
resizer report_design_area
--------------------------------------------------------------------------
Design area 541 u^2 60% utilization.


==========================================================================
instance_count
--------------------------------------------------------------------------
442

==========================================================================
pin_count
--------------------------------------------------------------------------
1239

Elapsed time: 0:00.72[h:]min:sec. CPU time: user 0.66 sys 0.03 (96%). Peak memory: 97960KB.
