OpenROAD v2.0-6895-g5c85b36f8 
This program is licensed under the BSD-3 license. See the LICENSE file for details.
Components of this program may be licensed under more restrictive licenses which must be honored.
[WARNING STA-0164] ./platforms/asap7/lib/asap7sc7p5t_SIMPLE_RVT_FF_nldm_211120.lib.gz line 13178, timing group from output port.
[WARNING STA-0164] ./platforms/asap7/lib/asap7sc7p5t_SIMPLE_RVT_FF_nldm_211120.lib.gz line 13211, timing group from output port.
[WARNING STA-0164] ./platforms/asap7/lib/asap7sc7p5t_SIMPLE_RVT_FF_nldm_211120.lib.gz line 13244, timing group from output port.
[WARNING STA-0164] ./platforms/asap7/lib/asap7sc7p5t_SIMPLE_RVT_FF_nldm_211120.lib.gz line 13277, timing group from output port.
[WARNING STA-0164] ./platforms/asap7/lib/asap7sc7p5t_SIMPLE_RVT_FF_nldm_211120.lib.gz line 13310, timing group from output port.
[WARNING STA-0164] ./platforms/asap7/lib/asap7sc7p5t_SIMPLE_RVT_FF_nldm_211120.lib.gz line 13343, timing group from output port.
[WARNING STA-0164] ./platforms/asap7/lib/asap7sc7p5t_SIMPLE_RVT_FF_nldm_211120.lib.gz line 13376, timing group from output port.
[WARNING STA-0164] ./platforms/asap7/lib/asap7sc7p5t_SIMPLE_RVT_FF_nldm_211120.lib.gz line 14772, timing group from output port.
[WARNING STA-0164] ./platforms/asap7/lib/asap7sc7p5t_SIMPLE_RVT_FF_nldm_211120.lib.gz line 14805, timing group from output port.
[WARNING STA-0164] ./platforms/asap7/lib/asap7sc7p5t_SIMPLE_RVT_FF_nldm_211120.lib.gz line 14838, timing group from output port.
[INFO ORD-0030] Using 4 thread(s).
detailed_route arguments:  -bottom_routing_layer M2 -top_routing_layer M7 -save_guide_updates -verbose 1
[INFO DRT-0149] Reading tech and libs.
[WARNING DRT-0140] SpacingRange unsupported.
[WARNING DRT-0145] New SPACINGTABLE PARALLELRUNLENGTH overrides old SPACING rule.
[WARNING DRT-0145] New SPACINGTABLE PARALLELRUNLENGTH overrides old SPACING rule.
[WARNING DRT-0145] New SPACINGTABLE PARALLELRUNLENGTH overrides old SPACING rule.
[WARNING DRT-0145] New SPACINGTABLE PARALLELRUNLENGTH overrides old SPACING rule.

Units:                1000
Number of layers:     21
Number of macros:     215
Number of vias:       9
Number of viarulegen: 11

[INFO DRT-0150] Reading design.

Design:                   swerv_wrapper
Die area:                 ( 0 0 ) ( 550000 600000 )
Number of track patterns: 32
Number of DEF vias:       12
Number of components:     1162842
Number of terminals:      1416
Number of snets:          2
Number of nets:           137579

[WARNING DRT-0240] CUT layer V3 does not have square single-cut via, cut layer width may be set incorrectly.
[WARNING DRT-0240] CUT layer V5 does not have square single-cut via, cut layer width may be set incorrectly.
[INFO DRT-0167] List of default vias:
  Layer V1
    default via: VIA12
  Layer V2
    default via: VIA23
  Layer V3
    default via: VIA34
  Layer V4
    default via: VIA45
  Layer V5
    default via: VIA56
  Layer V6
    default via: VIA67
  Layer V7
    default via: VIA78
  Layer V8
    default via: VIA89
  Layer V9
    default via: VIA9Pad
[INFO DRT-0162] Library cell analysis.
[INFO DRT-0163] Instance analysis.
  Complete 10000 instances.
  Complete 20000 instances.
  Complete 30000 instances.
  Complete 40000 instances.
  Complete 50000 instances.
  Complete 60000 instances.
  Complete 70000 instances.
  Complete 80000 instances.
  Complete 90000 instances.
  Complete 100000 instances.
  Complete 200000 instances.
  Complete 300000 instances.
  Complete 400000 instances.
  Complete 500000 instances.
  Complete 600000 instances.
  Complete 700000 instances.
  Complete 800000 instances.
  Complete 900000 instances.
  Complete 1000000 instances.
  Complete 1100000 instances.
[INFO DRT-0164] Number of unique instances = 408.
[INFO DRT-0168] Init region query.
[INFO DRT-0018]   Complete 10000 insts.
[INFO DRT-0018]   Complete 20000 insts.
[INFO DRT-0018]   Complete 30000 insts.
[INFO DRT-0018]   Complete 40000 insts.
[INFO DRT-0018]   Complete 50000 insts.
[INFO DRT-0018]   Complete 60000 insts.
[INFO DRT-0018]   Complete 70000 insts.
[INFO DRT-0018]   Complete 80000 insts.
[INFO DRT-0018]   Complete 90000 insts.
[INFO DRT-0019]   Complete 100000 insts.
[INFO DRT-0019]   Complete 200000 insts.
[INFO DRT-0019]   Complete 300000 insts.
[INFO DRT-0019]   Complete 400000 insts.
[INFO DRT-0019]   Complete 500000 insts.
[INFO DRT-0019]   Complete 600000 insts.
[INFO DRT-0019]   Complete 700000 insts.
[INFO DRT-0019]   Complete 800000 insts.
[INFO DRT-0019]   Complete 900000 insts.
[INFO DRT-0019]   Complete 1000000 insts.
[INFO DRT-0019]   Complete 1100000 insts.
[INFO DRT-0024]   Complete Active.
[INFO DRT-0024]   Complete V0.
[INFO DRT-0024]   Complete M1.
[INFO DRT-0024]   Complete V1.
[INFO DRT-0024]   Complete M2.
[INFO DRT-0024]   Complete V2.
[INFO DRT-0024]   Complete M3.
[INFO DRT-0024]   Complete V3.
[INFO DRT-0024]   Complete M4.
[INFO DRT-0024]   Complete V4.
[INFO DRT-0024]   Complete M5.
[INFO DRT-0024]   Complete V5.
[INFO DRT-0024]   Complete M6.
[INFO DRT-0024]   Complete V6.
[INFO DRT-0024]   Complete M7.
[INFO DRT-0024]   Complete V7.
[INFO DRT-0024]   Complete M8.
[INFO DRT-0024]   Complete V8.
[INFO DRT-0024]   Complete M9.
[INFO DRT-0024]   Complete V9.
[INFO DRT-0024]   Complete Pad.
[INFO DRT-0033] Active shape region query size = 0.
[INFO DRT-0033] V0 shape region query size = 0.
[INFO DRT-0033] M1 shape region query size = 8003253.
[INFO DRT-0033] V1 shape region query size = 27976172.
[INFO DRT-0033] M2 shape region query size = 426157.
[INFO DRT-0033] V2 shape region query size = 252897.
[INFO DRT-0033] M3 shape region query size = 505822.
[INFO DRT-0033] V3 shape region query size = 168598.
[INFO DRT-0033] M4 shape region query size = 437791.
[INFO DRT-0033] V4 shape region query size = 168598.
[INFO DRT-0033] M5 shape region query size = 174706.
[INFO DRT-0033] V5 shape region query size = 9200.
[INFO DRT-0033] M6 shape region query size = 4700.
[INFO DRT-0033] V6 shape region query size = 0.
[INFO DRT-0033] M7 shape region query size = 0.
[INFO DRT-0033] V7 shape region query size = 0.
[INFO DRT-0033] M8 shape region query size = 0.
[INFO DRT-0033] V8 shape region query size = 0.
[INFO DRT-0033] M9 shape region query size = 0.
[INFO DRT-0033] V9 shape region query size = 0.
[INFO DRT-0033] Pad shape region query size = 0.
[INFO DRT-0165] Start pin access.
[INFO DRT-0076]   Complete 100 pins.
[INFO DRT-0076]   Complete 200 pins.
[INFO DRT-0076]   Complete 300 pins.
[INFO DRT-0076]   Complete 400 pins.
[INFO DRT-0076]   Complete 500 pins.
[INFO DRT-0076]   Complete 600 pins.
[INFO DRT-0076]   Complete 700 pins.
[INFO DRT-0076]   Complete 800 pins.
[INFO DRT-0076]   Complete 900 pins.
[INFO DRT-0077]   Complete 1000 pins.
[INFO DRT-0078]   Complete 1567 pins.
[INFO DRT-0079]   Complete 100 unique inst patterns.
[INFO DRT-0079]   Complete 200 unique inst patterns.
[INFO DRT-0079]   Complete 300 unique inst patterns.
[INFO DRT-0081]   Complete 365 unique inst patterns.
[INFO DRT-0082]   Complete 1000 groups.
[INFO DRT-0082]   Complete 2000 groups.
[INFO DRT-0082]   Complete 3000 groups.
[INFO DRT-0082]   Complete 4000 groups.
[INFO DRT-0082]   Complete 5000 groups.
[INFO DRT-0082]   Complete 6000 groups.
[INFO DRT-0082]   Complete 7000 groups.
[INFO DRT-0082]   Complete 8000 groups.
[INFO DRT-0082]   Complete 9000 groups.
[INFO DRT-0083]   Complete 10000 groups.
[INFO DRT-0083]   Complete 20000 groups.
[INFO DRT-0083]   Complete 30000 groups.
[INFO DRT-0083]   Complete 40000 groups.
[INFO DRT-0083]   Complete 50000 groups.
[INFO DRT-0083]   Complete 60000 groups.
[INFO DRT-0083]   Complete 70000 groups.
[INFO DRT-0083]   Complete 80000 groups.
[INFO DRT-0083]   Complete 90000 groups.
[INFO DRT-0083]   Complete 100000 groups.
[INFO DRT-0083]   Complete 110000 groups.
[INFO DRT-0083]   Complete 120000 groups.
[INFO DRT-0083]   Complete 130000 groups.
[INFO DRT-0084]   Complete 133166 groups.
#scanned instances     = 1162842
#unique  instances     = 388
#stdCellGenAp          = 14056
#stdCellValidPlanarAp  = 138
#stdCellValidViaAp     = 11620
#stdCellPinNoAp        = 0
#stdCellPinCnt         = 441477
#instTermValidViaApCnt = 0
#macroGenAp            = 222
#macroValidPlanarAp    = 222
#macroValidViaAp       = 0
#macroNoAp             = 0
[INFO DRT-0166] Complete pin access.
[INFO DRT-0267] cpu time = 00:22:39, elapsed time = 00:05:56, memory = 3261.75 (MB), peak = 4038.51 (MB)
[INFO DRT-0156] guideIn read 100000 guides.
[INFO DRT-0156] guideIn read 200000 guides.
[INFO DRT-0156] guideIn read 300000 guides.
[INFO DRT-0156] guideIn read 400000 guides.
[INFO DRT-0156] guideIn read 500000 guides.
[INFO DRT-0156] guideIn read 600000 guides.
[INFO DRT-0156] guideIn read 700000 guides.
[INFO DRT-0156] guideIn read 800000 guides.
[INFO DRT-0156] guideIn read 900000 guides.
[INFO DRT-0157] guideIn read 1000000 guides.

Number of guides:     1345093

[INFO DRT-0169] Post process guides.
[INFO DRT-0176] GCELLGRID X 0 DO 1018 STEP 540 ;
[INFO DRT-0177] GCELLGRID Y 0 DO 1111 STEP 540 ;
[INFO DRT-0026]   Complete 10000 origin guides.
[INFO DRT-0026]   Complete 20000 origin guides.
[INFO DRT-0026]   Complete 30000 origin guides.
[INFO DRT-0026]   Complete 40000 origin guides.
[INFO DRT-0026]   Complete 50000 origin guides.
[INFO DRT-0026]   Complete 60000 origin guides.
[INFO DRT-0026]   Complete 70000 origin guides.
[INFO DRT-0026]   Complete 80000 origin guides.
[INFO DRT-0026]   Complete 90000 origin guides.
[INFO DRT-0027]   Complete 100000 origin guides.
[INFO DRT-0027]   Complete 200000 origin guides.
[INFO DRT-0027]   Complete 300000 origin guides.
[INFO DRT-0027]   Complete 400000 origin guides.
[INFO DRT-0027]   Complete 500000 origin guides.
[INFO DRT-0027]   Complete 600000 origin guides.
[INFO DRT-0027]   Complete 700000 origin guides.
[INFO DRT-0027]   Complete 800000 origin guides.
[INFO DRT-0027]   Complete 900000 origin guides.
[INFO DRT-0027]   Complete 1000000 origin guides.
[INFO DRT-0027]   Complete 1100000 origin guides.
[INFO DRT-0027]   Complete 1200000 origin guides.
[INFO DRT-0027]   Complete 1300000 origin guides.
[INFO DRT-0028]   Complete Active.
[INFO DRT-0028]   Complete V0.
[INFO DRT-0028]   Complete M1.
[INFO DRT-0028]   Complete V1.
[INFO DRT-0028]   Complete M2.
[INFO DRT-0028]   Complete V2.
[INFO DRT-0028]   Complete M3.
[INFO DRT-0028]   Complete V3.
[INFO DRT-0028]   Complete M4.
[INFO DRT-0028]   Complete V4.
[INFO DRT-0028]   Complete M5.
[INFO DRT-0028]   Complete V5.
[INFO DRT-0028]   Complete M6.
[INFO DRT-0028]   Complete V6.
[INFO DRT-0028]   Complete M7.
[INFO DRT-0028]   Complete V7.
[INFO DRT-0028]   Complete M8.
[INFO DRT-0028]   Complete V8.
[INFO DRT-0028]   Complete M9.
[INFO DRT-0028]   Complete V9.
[INFO DRT-0028]   Complete Pad.
  complete 10000 nets.
  complete 20000 nets.
  complete 30000 nets.
  complete 40000 nets.
  complete 50000 nets.
  complete 60000 nets.
  complete 70000 nets.
  complete 80000 nets.
  complete 90000 nets.
  complete 100000 nets.
[INFO DRT-0178] Init guide query.
[INFO DRT-0029]   Complete 10000 nets (guide).
[INFO DRT-0029]   Complete 20000 nets (guide).
[INFO DRT-0029]   Complete 30000 nets (guide).
[INFO DRT-0029]   Complete 40000 nets (guide).
[INFO DRT-0029]   Complete 50000 nets (guide).
[INFO DRT-0029]   Complete 60000 nets (guide).
[INFO DRT-0029]   Complete 70000 nets (guide).
[INFO DRT-0029]   Complete 80000 nets (guide).
[INFO DRT-0029]   Complete 90000 nets (guide).
[INFO DRT-0030]   Complete 100000 nets (guide).
[INFO DRT-0035]   Complete Active (guide).
[INFO DRT-0035]   Complete V0 (guide).
[INFO DRT-0035]   Complete M1 (guide).
[INFO DRT-0035]   Complete V1 (guide).
[INFO DRT-0035]   Complete M2 (guide).
[INFO DRT-0035]   Complete V2 (guide).
[INFO DRT-0035]   Complete M3 (guide).
[INFO DRT-0035]   Complete V3 (guide).
[INFO DRT-0035]   Complete M4 (guide).
[INFO DRT-0035]   Complete V4 (guide).
[INFO DRT-0035]   Complete M5 (guide).
[INFO DRT-0035]   Complete V5 (guide).
[INFO DRT-0035]   Complete M6 (guide).
[INFO DRT-0035]   Complete V6 (guide).
[INFO DRT-0035]   Complete M7 (guide).
[INFO DRT-0035]   Complete V7 (guide).
[INFO DRT-0035]   Complete M8 (guide).
[INFO DRT-0035]   Complete V8 (guide).
[INFO DRT-0035]   Complete M9 (guide).
[INFO DRT-0035]   Complete V9 (guide).
[INFO DRT-0035]   Complete Pad (guide).
[INFO DRT-0036] Active guide region query size = 0.
[INFO DRT-0036] V0 guide region query size = 0.
[INFO DRT-0036] M1 guide region query size = 392614.
[INFO DRT-0036] V1 guide region query size = 0.
[INFO DRT-0036] M2 guide region query size = 404884.
[INFO DRT-0036] V2 guide region query size = 0.
[INFO DRT-0036] M3 guide region query size = 246022.
[INFO DRT-0036] V3 guide region query size = 0.
[INFO DRT-0036] M4 guide region query size = 22821.
[INFO DRT-0036] V4 guide region query size = 0.
[INFO DRT-0036] M5 guide region query size = 7840.
[INFO DRT-0036] V5 guide region query size = 0.
[INFO DRT-0036] M6 guide region query size = 2305.
[INFO DRT-0036] V6 guide region query size = 0.
[INFO DRT-0036] M7 guide region query size = 57.
[INFO DRT-0036] V7 guide region query size = 0.
[INFO DRT-0036] M8 guide region query size = 0.
[INFO DRT-0036] V8 guide region query size = 0.
[INFO DRT-0036] M9 guide region query size = 0.
[INFO DRT-0036] V9 guide region query size = 0.
[INFO DRT-0036] Pad guide region query size = 0.
[INFO DRT-0179] Init gr pin query.
[INFO DRT-0185] Post process initialize RPin region query.
[INFO DRT-0181] Start track assignment.
Command terminated by signal 9
Elapsed time: 10:23.07[h:]min:sec. CPU time: user 1428.10 sys 13.19 (231%). Peak memory: 4167644KB.
